<?xml version="1.0" encoding="UTF-8"?>
<testsuite name="bg.sofia.uni.fmi.mjt.socialmedia.EvilSocialInatorTest" tests="1" skipped="0" failures="0" errors="0" timestamp="2023-04-06T08:38:50" hostname="DESKTOP-R1KAM7P" time="0.021">
  <properties/>
  <testcase name="Get activity logs method should throw exceptions when given illegal arguments" classname="bg.sofia.uni.fmi.mjt.socialmedia.EvilSocialInatorTest" time="0.021"/>
  <system-out><![CDATA[]]></system-out>
  <system-err><![CDATA[]]></system-err>
</testsuite>
