<?xml version="1.0" encoding="UTF-8"?>
<testsuite name="bg.sofia.uni.fmi.mjt.socialmedia.EvilSocialInatorRegisterTest" tests="3" skipped="0" failures="0" errors="0" timestamp="2023-04-05T20:37:56" hostname="DESKTOP-R1KAM7P" time="0.006">
  <properties/>
  <testcase name="Throw a UserAlreadyExists exception when trying to add an existing user" classname="bg.sofia.uni.fmi.mjt.socialmedia.EvilSocialInatorRegisterTest" time="0.002"/>
  <testcase name="Registering a new valid user" classname="bg.sofia.uni.fmi.mjt.socialmedia.EvilSocialInatorRegisterTest" time="0.001"/>
  <testcase name="Throw an IllegalArgument exception when giving an empty parameter" classname="bg.sofia.uni.fmi.mjt.socialmedia.EvilSocialInatorRegisterTest" time="0.001"/>
  <system-out><![CDATA[]]></system-out>
  <system-err><![CDATA[]]></system-err>
</testsuite>
